<?xml version="1.0" encoding="UTF-8"?>
<testsuite xmlns:xsi="http://www.w3.org/2001/XMLSchema-instance" xsi:noNamespaceSchemaLocation="https://maven.apache.org/surefire/maven-surefire-plugin/xsd/surefire-test-report-3.0.xsd" version="3.0" name="edu.fiuba.algo3.modelo.BloqueTest" time="0.017" tests="11" errors="0" skipped="0" failures="0">
  <properties>
    <property name="sun.desktop" value="gnome"/>
    <property name="awt.toolkit" value="sun.awt.X11.XToolkit"/>
    <property name="java.specification.version" value="11"/>
    <property name="sun.cpu.isalist" value=""/>
    <property name="sun.jnu.encoding" value="UTF-8"/>
    <property name="java.class.path" value="/home/trinidad/Escritorio/TP2 ALGOBLOCKS/TP2-AlgoBlocks/target/test-classes:/home/trinidad/.m2/repository/org/openjfx/javafx-controls/11.0.2/javafx-controls-11.0.2.jar:/home/trinidad/.m2/repository/org/openjfx/javafx-graphics/11.0.2/javafx-graphics-11.0.2.jar:/home/trinidad/.m2/repository/org/openjfx/javafx-base/11.0.2/javafx-base-11.0.2.jar:/home/trinidad/.m2/repository/org/junit/jupiter/junit-jupiter/5.4.0/junit-jupiter-5.4.0.jar:/home/trinidad/.m2/repository/org/junit/jupiter/junit-jupiter-api/5.4.0/junit-jupiter-api-5.4.0.jar:/home/trinidad/.m2/repository/org/apiguardian/apiguardian-api/1.0.0/apiguardian-api-1.0.0.jar:/home/trinidad/.m2/repository/org/opentest4j/opentest4j/1.1.1/opentest4j-1.1.1.jar:/home/trinidad/.m2/repository/org/junit/platform/junit-platform-commons/1.4.0/junit-platform-commons-1.4.0.jar:/home/trinidad/.m2/repository/org/junit/jupiter/junit-jupiter-params/5.4.0/junit-jupiter-params-5.4.0.jar:/home/trinidad/.m2/repository/org/junit/jupiter/junit-jupiter-engine/5.4.0/junit-jupiter-engine-5.4.0.jar:/home/trinidad/.m2/repository/org/junit/platform/junit-platform-engine/1.4.0/junit-platform-engine-1.4.0.jar:/home/trinidad/.m2/repository/org/mockito/mockito-core/3.3.0/mockito-core-3.3.0.jar:/home/trinidad/.m2/repository/net/bytebuddy/byte-buddy/1.10.5/byte-buddy-1.10.5.jar:/home/trinidad/.m2/repository/net/bytebuddy/byte-buddy-agent/1.10.5/byte-buddy-agent-1.10.5.jar:/home/trinidad/.m2/repository/org/objenesis/objenesis/2.6/objenesis-2.6.jar:"/>
    <property name="java.vm.vendor" value="Ubuntu"/>
    <property name="sun.arch.data.model" value="64"/>
    <property name="java.vendor.url" value="https://ubuntu.com/"/>
    <property name="user.timezone" value=""/>
    <property name="java.vm.specification.version" value="11"/>
    <property name="os.name" value="Linux"/>
    <property name="sun.java.launcher" value="SUN_STANDARD"/>
    <property name="user.country" value="AR"/>
    <property name="sun.boot.library.path" value="/usr/lib/jvm/java-11-openjdk-amd64/lib"/>
    <property name="sun.java.command" value="org.apache.maven.surefire.booter.ForkedBooter /home/trinidad/Escritorio/TP2 ALGOBLOCKS/TP2-AlgoBlocks/target/surefire 2021-02-23T15-41-43_893-jvmRun1 surefire1318826599375257257tmp surefire_06569835466101607697tmp"/>
    <property name="jdk.debug" value="release"/>
    <property name="surefire.test.class.path" value="/home/trinidad/Escritorio/TP2 ALGOBLOCKS/TP2-AlgoBlocks/target/test-classes:/home/trinidad/.m2/repository/org/openjfx/javafx-controls/11.0.2/javafx-controls-11.0.2.jar:/home/trinidad/.m2/repository/org/openjfx/javafx-graphics/11.0.2/javafx-graphics-11.0.2.jar:/home/trinidad/.m2/repository/org/openjfx/javafx-base/11.0.2/javafx-base-11.0.2.jar:/home/trinidad/.m2/repository/org/junit/jupiter/junit-jupiter/5.4.0/junit-jupiter-5.4.0.jar:/home/trinidad/.m2/repository/org/junit/jupiter/junit-jupiter-api/5.4.0/junit-jupiter-api-5.4.0.jar:/home/trinidad/.m2/repository/org/apiguardian/apiguardian-api/1.0.0/apiguardian-api-1.0.0.jar:/home/trinidad/.m2/repository/org/opentest4j/opentest4j/1.1.1/opentest4j-1.1.1.jar:/home/trinidad/.m2/repository/org/junit/platform/junit-platform-commons/1.4.0/junit-platform-commons-1.4.0.jar:/home/trinidad/.m2/repository/org/junit/jupiter/junit-jupiter-params/5.4.0/junit-jupiter-params-5.4.0.jar:/home/trinidad/.m2/repository/org/junit/jupiter/junit-jupiter-engine/5.4.0/junit-jupiter-engine-5.4.0.jar:/home/trinidad/.m2/repository/org/junit/platform/junit-platform-engine/1.4.0/junit-platform-engine-1.4.0.jar:/home/trinidad/.m2/repository/org/mockito/mockito-core/3.3.0/mockito-core-3.3.0.jar:/home/trinidad/.m2/repository/net/bytebuddy/byte-buddy/1.10.5/byte-buddy-1.10.5.jar:/home/trinidad/.m2/repository/net/bytebuddy/byte-buddy-agent/1.10.5/byte-buddy-agent-1.10.5.jar:/home/trinidad/.m2/repository/org/objenesis/objenesis/2.6/objenesis-2.6.jar:"/>
    <property name="sun.cpu.endian" value="little"/>
    <property name="user.home" value="/home/trinidad"/>
    <property name="user.language" value="es"/>
    <property name="java.specification.vendor" value="Oracle Corporation"/>
    <property name="jdk.module.path" value="/home/trinidad/Escritorio/TP2 ALGOBLOCKS/TP2-AlgoBlocks/target/classes:/home/trinidad/.m2/repository/org/openjfx/javafx-controls/11.0.2/javafx-controls-11.0.2-linux.jar:/home/trinidad/.m2/repository/org/openjfx/javafx-graphics/11.0.2/javafx-graphics-11.0.2-linux.jar:/home/trinidad/.m2/repository/org/openjfx/javafx-base/11.0.2/javafx-base-11.0.2-linux.jar"/>
    <property name="java.version.date" value="2020-04-14"/>
    <property name="java.home" value="/usr/lib/jvm/java-11-openjdk-amd64"/>
    <property name="file.separator" value="/"/>
    <property name="basedir" value="/home/trinidad/Escritorio/TP2 ALGOBLOCKS/TP2-AlgoBlocks"/>
    <property name="java.vm.compressedOopsMode" value="32-bit"/>
    <property name="line.separator" value="&#10;"/>
    <property name="java.specification.name" value="Java Platform API Specification"/>
    <property name="java.vm.specification.vendor" value="Oracle Corporation"/>
    <property name="java.awt.graphicsenv" value="sun.awt.X11GraphicsEnvironment"/>
    <property name="surefire.real.class.path" value="/home/trinidad/.m2/repository/org/apache/maven/surefire/surefire-booter/3.0.0-M3/surefire-booter-3.0.0-M3.jar:/home/trinidad/.m2/repository/org/apache/maven/surefire/surefire-api/3.0.0-M3/surefire-api-3.0.0-M3.jar:/home/trinidad/.m2/repository/org/apache/maven/surefire/surefire-logger-api/3.0.0-M3/surefire-logger-api-3.0.0-M3.jar:/home/trinidad/Escritorio/TP2 ALGOBLOCKS/TP2-AlgoBlocks/target/test-classes:/home/trinidad/.m2/repository/org/openjfx/javafx-controls/11.0.2/javafx-controls-11.0.2.jar:/home/trinidad/.m2/repository/org/openjfx/javafx-graphics/11.0.2/javafx-graphics-11.0.2.jar:/home/trinidad/.m2/repository/org/openjfx/javafx-base/11.0.2/javafx-base-11.0.2.jar:/home/trinidad/.m2/repository/org/junit/jupiter/junit-jupiter/5.4.0/junit-jupiter-5.4.0.jar:/home/trinidad/.m2/repository/org/junit/jupiter/junit-jupiter-api/5.4.0/junit-jupiter-api-5.4.0.jar:/home/trinidad/.m2/repository/org/apiguardian/apiguardian-api/1.0.0/apiguardian-api-1.0.0.jar:/home/trinidad/.m2/repository/org/opentest4j/opentest4j/1.1.1/opentest4j-1.1.1.jar:/home/trinidad/.m2/repository/org/junit/platform/junit-platform-commons/1.4.0/junit-platform-commons-1.4.0.jar:/home/trinidad/.m2/repository/org/junit/jupiter/junit-jupiter-params/5.4.0/junit-jupiter-params-5.4.0.jar:/home/trinidad/.m2/repository/org/junit/jupiter/junit-jupiter-engine/5.4.0/junit-jupiter-engine-5.4.0.jar:/home/trinidad/.m2/repository/org/junit/platform/junit-platform-engine/1.4.0/junit-platform-engine-1.4.0.jar:/home/trinidad/.m2/repository/org/mockito/mockito-core/3.3.0/mockito-core-3.3.0.jar:/home/trinidad/.m2/repository/net/bytebuddy/byte-buddy/1.10.5/byte-buddy-1.10.5.jar:/home/trinidad/.m2/repository/net/bytebuddy/byte-buddy-agent/1.10.5/byte-buddy-agent-1.10.5.jar:/home/trinidad/.m2/repository/org/objenesis/objenesis/2.6/objenesis-2.6.jar:/home/trinidad/.m2/repository/org/apache/maven/surefire/surefire-junit-platform/3.0.0-M3/surefire-junit-platform-3.0.0-M3.jar:/home/trinidad/.m2/repository/org/apache/maven/surefire/common-java5/3.0.0-M3/common-java5-3.0.0-M3.jar:/home/trinidad/.m2/repository/org/junit/platform/junit-platform-launcher/1.3.1/junit-platform-launcher-1.3.1.jar"/>
    <property name="sun.management.compiler" value="HotSpot 64-Bit Tiered Compilers"/>
    <property name="java.runtime.version" value="11.0.7+10-post-Ubuntu-2ubuntu218.04"/>
    <property name="user.name" value="trinidad"/>
    <property name="path.separator" value=":"/>
    <property name="os.version" value="4.15.0-54-generic"/>
    <property name="java.runtime.name" value="OpenJDK Runtime Environment"/>
    <property name="file.encoding" value="UTF-8"/>
    <property name="java.vm.name" value="OpenJDK 64-Bit Server VM"/>
    <property name="localRepository" value="/home/trinidad/.m2/repository"/>
    <property name="java.vendor.url.bug" value="https://bugs.launchpad.net/ubuntu/+source/openjdk-lts"/>
    <property name="java.io.tmpdir" value="/tmp"/>
    <property name="java.version" value="11.0.7"/>
    <property name="user.dir" value="/home/trinidad/Escritorio/TP2 ALGOBLOCKS/TP2-AlgoBlocks"/>
    <property name="os.arch" value="amd64"/>
    <property name="java.vm.specification.name" value="Java Virtual Machine Specification"/>
    <property name="java.awt.printerjob" value="sun.print.PSPrinterJob"/>
    <property name="sun.os.patch.level" value="unknown"/>
    <property name="java.library.path" value="/usr/java/packages/lib:/usr/lib/x86_64-linux-gnu/jni:/lib/x86_64-linux-gnu:/usr/lib/x86_64-linux-gnu:/usr/lib/jni:/lib:/usr/lib"/>
    <property name="java.vendor" value="Ubuntu"/>
    <property name="java.vm.info" value="mixed mode"/>
    <property name="java.vm.version" value="11.0.7+10-post-Ubuntu-2ubuntu218.04"/>
    <property name="sun.io.unicode.encoding" value="UnicodeLittle"/>
    <property name="java.class.version" value="55.0"/>
  </properties>
  <testcase name="test05LapizAbajoCambiaElLapizDelPersonaje" classname="edu.fiuba.algo3.modelo.BloqueTest" time="0"/>
  <testcase name="test09BloqueInversoInvierteAlgoritmo" classname="edu.fiuba.algo3.modelo.BloqueTest" time="0"/>
  <testcase name="test06LapizArribaCambiaElLapizDelPersonaje" classname="edu.fiuba.algo3.modelo.BloqueTest" time="0.001"/>
  <testcase name="test01BloqueDerechaSeEjecutaYmueveAPersonaje" classname="edu.fiuba.algo3.modelo.BloqueTest" time="0.001"/>
  <testcase name="test08BloqueRepetirRepiteTresVecesYmueveAlPersonaje" classname="edu.fiuba.algo3.modelo.BloqueTest" time="0.001"/>
  <testcase name="test03BloqueArribaSeEjecutaYmueveAPersonaje" classname="edu.fiuba.algo3.modelo.BloqueTest" time="0"/>
  <testcase name="test11BloqueAlgoritmoPersonalizado" classname="edu.fiuba.algo3.modelo.BloqueTest" time="0.001"/>
  <testcase name="test04BloqueAbajoSeEjecutaYmueveAPersonaje" classname="edu.fiuba.algo3.modelo.BloqueTest" time="0.001"/>
  <testcase name="test02BloqueIzquierdaSeEjecutaYmueveAPersonaje" classname="edu.fiuba.algo3.modelo.BloqueTest" time="0.003"/>
  <testcase name="test07BloqueRepetirRepiteDosVecesYmueveAlPersonaje" classname="edu.fiuba.algo3.modelo.BloqueTest" time="0"/>
  <testcase name="test10BloqueRepetirTieneSuPropioAlogoBlocksQueAñadeAListaDeBloqueRepetir" classname="edu.fiuba.algo3.modelo.BloqueTest" time="0.002"/>
</testsuite>